==============================================================================

                  ------ MOMENTUM STATISTICS (MW mode) ------

              Momentum MomEngine_64 2022.00.265 (*) built: Jul  2 2021
                           Wed May 31 19:12:22 2023

==============================================================================


------------------------------------------------------------------------------
MESH
------------------------------------------------------------------------------
 Frequency          : 12 GHz

 Rectangular cells  : 195
 Quadrangular cells : 25
 Triangular cells   : 8
 Via cells          : 0

 Edge currents      : 417

------------------------------------------------------------------------------
SOLVER                        USER TIME      ELAPSED TIME      MEMORY         
PROCESSES                      (h:m:s)          (h:m:s)         (MB)          
------------------------------------------------------------------------------

SIMULATION SET-UP
-----------------
 Initialization           |     0: 0: 0   |     0: 0: 0   |     32.79   
 Ports analysis           |     0: 0: 0   |     0: 0: 0   |      0.04   
 Mesh processing          |     0: 0: 0   |     0: 0: 0   |      1.91   

 Matrix size : 417
 Reduced matrix size : 390
 Estimated process size is below 256.00 MB

 Simulation temperature : 298.15 K

1. SIMULATION FREQUENCY = 8 GHz 
-------------------------
 Green functions          |     0: 0: 0   |     0: 0: 0   |      0.49   
 Basis creation           |     0: 0: 0   |     0: 0: 0   |      5.55   
 Matrix load              |     0: 0: 0   |     0: 0: 0   |     12.09   
 Matrix solve             |     0: 0: 0   |     0: 0: 0   |      2.25   
 S parameters             |     0: 0: 0   |     0: 0: 0   |      0.02   

2. SIMULATION FREQUENCY = 12 GHz 
-------------------------
 Green functions          |     0: 0: 0   |     0: 0: 0   |      1.45   
 Matrix load              |     0: 0: 1   |     0: 0: 0   |      3.00   
 Matrix solve             |     0: 0: 0   |     0: 0: 0   |      0.23   
 S parameters             |     0: 0: 0   |     0: 0: 0   |      0.00   
 Adaptive sampling        |     0: 0: 0   |     0: 0: 0   |      0.02   

3. SIMULATION FREQUENCY = 10.6667 GHz 
-------------------------
 Green functions          |     0: 0: 0   |     0: 0: 0   |      0.01   
 Matrix load              |     0: 0: 0   |     0: 0: 0   |      3.91   
 Matrix solve             |     0: 0: 0   |     0: 0: 0   |      0.00   
 S parameters             |     0: 0: 0   |     0: 0: 0   |      0.00   
 Adaptive sampling        |     0: 0: 0   |     0: 0: 0   |      0.00   

4. SIMULATION FREQUENCY = 9.33333 GHz 
-------------------------
 Green functions          |     0: 0: 0   |     0: 0: 0   |      0.00   
 Matrix load              |     0: 0: 1   |     0: 0: 0   |      0.00   
 Matrix solve             |     0: 0: 0   |     0: 0: 0   |      0.00   
 S parameters             |     0: 0: 0   |     0: 0: 0   |      0.00   
 Adaptive sampling        |     0: 0: 0   |     0: 0: 0   |      0.00   

5. SIMULATION FREQUENCY = 11.3333 GHz 
-------------------------
 Green functions          |     0: 0: 0   |     0: 0: 0   |      0.00   
 Matrix load              |     0: 0: 0   |     0: 0: 1   |      0.00   
 Matrix solve             |     0: 0: 0   |     0: 0: 0   |      0.00   
 S parameters             |     0: 0: 0   |     0: 0: 0   |      0.00   
 Adaptive sampling        |     0: 0: 0   |     0: 0: 0   |      0.00   

6. SIMULATION FREQUENCY = 8.66667 GHz 
-------------------------
 Green functions          |     0: 0: 0   |     0: 0: 0   |      0.00   
 Matrix load              |     0: 0: 1   |     0: 0: 0   |      0.00   
 Matrix solve             |     0: 0: 0   |     0: 0: 0   |      0.00   
 S parameters             |     0: 0: 0   |     0: 0: 0   |      0.00   
 Adaptive sampling        |     0: 0: 0   |     0: 0: 0   |      0.00   

7. SIMULATION FREQUENCY = 10 GHz 
-------------------------
 Green functions          |     0: 0: 0   |     0: 0: 0   |      0.00   
 Matrix load              |     0: 0: 0   |     0: 0: 0   |      0.50   
 Matrix solve             |     0: 0: 0   |     0: 0: 0   |      0.00   
 S parameters             |     0: 0: 0   |     0: 0: 0   |      0.00   
 Adaptive sampling        |     0: 0: 0   |     0: 0: 0   |      0.00   

8. SIMULATION FREQUENCY = 10.3333 GHz 
-------------------------
 Green functions          |     0: 0: 0   |     0: 0: 0   |      0.00   
 Matrix load              |     0: 0: 1   |     0: 0: 0   |      0.00   
 Matrix solve             |     0: 0: 0   |     0: 0: 0   |      0.00   
 S parameters             |     0: 0: 0   |     0: 0: 0   |      0.00   
 Adaptive sampling        |     0: 0: 0   |     0: 0: 0   |      0.00   

------------------------------------------------------------------------------
TOTALS
------------------------------------------------------------------------------
 Nr of Frequencies   : 8 

 Physical memory :    64.25 MB
 Virtual memory  :    68.05 MB
 Page faults     :       22522
 User Time       :    0h 0m 4s
 Elapsed Time    :    0h 0m 1s

==============================================================================

