==============================================================================

                  ------ MOMENTUM STATISTICS (MW mode) ------

              Momentum MomEngine_64 2022.00.265 (*) built: Jul  2 2021
                           Tue Aug  1 13:41:45 2023

==============================================================================


------------------------------------------------------------------------------
MESH
------------------------------------------------------------------------------
 Frequency          : 10.5 GHz

 Rectangular cells  : 88
 Quadrangular cells : 8
 Triangular cells   : 0
 Via cells          : 0

 Edge currents      : 177

------------------------------------------------------------------------------
SOLVER                        USER TIME      ELAPSED TIME      MEMORY         
PROCESSES                      (h:m:s)          (h:m:s)         (MB)          
------------------------------------------------------------------------------

SIMULATION SET-UP
-----------------
 Initialization           |     0: 0: 0   |     0: 0: 0   |     32.36   
 Ports analysis           |     0: 0: 0   |     0: 0: 0   |      0.04   
 Mesh processing          |     0: 0: 0   |     0: 0: 0   |      0.74   

 Matrix size : 177
 Reduced matrix size : 169
 Estimated process size is below 256.00 MB

 Simulation temperature : 298.15 K

1. SIMULATION FREQUENCY = 8 GHz 
-------------------------
 Green functions          |     0: 0: 0   |     0: 0: 0   |      0.53   
 Basis creation           |     0: 0: 0   |     0: 0: 0   |      2.86   
 Matrix load              |     0: 0: 0   |     0: 0: 0   |      9.74   
 Matrix solve             |     0: 0: 0   |     0: 0: 0   |      1.91   
 S parameters             |     0: 0: 0   |     0: 0: 0   |      0.02   

2. SIMULATION FREQUENCY = 10 GHz 
-------------------------
 Green functions          |     0: 0: 0   |     0: 0: 0   |      1.27   
 Matrix load              |     0: 0: 0   |     0: 0: 0   |      5.35   
 Matrix solve             |     0: 0: 0   |     0: 0: 0   |      0.00   
 S parameters             |     0: 0: 0   |     0: 0: 0   |      0.00   

3. SIMULATION FREQUENCY = 10.5 GHz 
-------------------------
 Green functions          |     0: 0: 0   |     0: 0: 0   |      0.11   
 Matrix load              |     0: 0: 0   |     0: 0: 0   |      6.45   
 Matrix solve             |     0: 0: 0   |     0: 0: 0   |      0.00   
 S parameters             |     0: 0: 0   |     0: 0: 0   |      0.00   
 Adaptive sampling        |     0: 0: 0   |     0: 0: 0   |      0.00   

4. SIMULATION FREQUENCY = 9.33333 GHz 
-------------------------
 Green functions          |     0: 0: 0   |     0: 0: 0   |      0.00   
 Matrix load              |     0: 0: 0   |     0: 0: 0   |      0.00   
 Matrix solve             |     0: 0: 0   |     0: 0: 0   |      0.00   
 S parameters             |     0: 0: 0   |     0: 0: 0   |      0.00   
 Adaptive sampling        |     0: 0: 0   |     0: 0: 0   |      0.00   

5. SIMULATION FREQUENCY = 8.66667 GHz 
-------------------------
 Green functions          |     0: 0: 0   |     0: 0: 0   |      0.00   
 Matrix load              |     0: 0: 0   |     0: 0: 1   |      0.00   
 Matrix solve             |     0: 0: 0   |     0: 0: 0   |      0.00   
 S parameters             |     0: 0: 0   |     0: 0: 0   |      0.00   
 Adaptive sampling        |     0: 0: 0   |     0: 0: 0   |      0.00   

------------------------------------------------------------------------------
TOTALS
------------------------------------------------------------------------------
 Nr of Frequencies   : 5 

 Physical memory :    61.38 MB
 Virtual memory  :    57.41 MB
 Page faults     :       18928
 User Time       :    0h 0m 0s
 Elapsed Time    :    0h 0m 1s

==============================================================================

